[  00000] nitiizg cgupsubsyspuet
  .0000]nitiizng cousubs cu
[  .00000 Iitialingcgro sbsyspucc
  0.0000 Lin vrsio4..0-1-gneri(bilddgw1-am4-9) (c ersi 54.0 16609 butu 5.0ubun1~.04. )#156butu S Tu Ju1408:528UTC 18(Ubuu .4.030156-neic 4.14)
  0.0000 Cmmanlie: BOOIMGE=/otmlinuz.40-13geric ooLAEL=cudmg-rtfro cso=ttycoole=yS
[  00000 KRNELsuortecp:
[  0000] InteGeineIel
[  0.0000  AMD utheticA
    00000] CntauCetaurul
[  00000 x6/fp xtateffet]:576,stte_ses2]  6
[  0000] 6/fp Sportg SAE eaturex0: 'x foatingoit regiters
    .000] 86pu Suprtng XAVfeturex0: 'S rgists'
[    00000]86fpu:Suorti XVE feare0x04'AX restrs'
[  00000] 86puEnabd tateeares 7,onte se is32ytesusng 'anard'orat.    0000] 6/u: Ung'eag' PU ctet wihe.
[  000000e80: BS-rovid ysic RM ma
   0000] BS-820:me 0x0000000000-0x0000009fff] abe   0.000] BI-e20: em0x000000009f0-00000009ff] serv
    00000]IO-e82 [em 00000000f000-00000000ffffreerve
[   00000] OS820:me0x0000000100000x000003ffff] usle
[  .00000BIS-e8: mem 000000ff000-000000ffffffACI ta
[  0.0000BI-e820:me 0x00000fe000-0x00000fecff] rervd
[  00000 BIOe80:[m 0x00000fe000-0x00000f00ff] seved
[  .000 BIOe80: [m x00000fffc000x00000fffff resve
[  00000]  (ExutDDisle procton: tie
[  00000] MBIO2. prent
[  0.0000HyrvisoretctedKV
[  00000] 820:as_pfn 03fffma_arcpf = 0000000
[   00000] RR Disle
[  00000] 86/P: TRRsisbl, ippi P inialatioto
[  00000] CPMTRRalblan- rtuazesyst.
[  0000] 86/P: nfigatn [0]:WB    C- U W WT C-C     0000] fndMP Mtae atme0x009fff-0x09fff] ppd atfff88000fff0
[   00000] aning aras f lw mo corruio
[  00000 RMDIS [m 0xaa000-3749ff
    000000AC: Eay ble ecum vifcati dsabled[   .00000ACI: RP x00000000E000000 (2 VB  
[   .00000ACI: XT x00000FFF00 0003(v VBO  BOXXSD000000AS  00001)
  0.0000 API: CP0x000003FF0F 0004 v04 VB  VBOXCP000001ASL 000061
[   00000 ACP: DT 0x000003F040 21F (v2 OX  OXOS 00002 IN 21005)[    00000] AC: ACS 000000FF02000040
  0.000] ACPIFA 0x00003FF20 00040
[   0.000] AI:AP 0000000FFF00 0005(v2 VB  VBOXIC000001ASL 000061
[   00000AC: SS 0000003FF02 001CCv0 VBO   VBOCPUT000002NT 20152)
[  .0000]No NA onfiguatn fod[   .00000Faing noe atme 0x0000000000-0x00003ffeff
[  00000] NOE_DA(0 allatd [m 0ffeb00x3ffff
[  00000] m-clk:singsr 4b5d0 andb54d00[   .0000]kvclck: pu, ms0:ff00 prirycpu oc
[  0.000]vm-cckusin sedoffs o349987 cycs
[  0.0000 cocksrc: kvm-oc: mak:xfffffffffffmacycl: x1cde4ffb,axdle_ns88590548 ns    0000] neange
   00000]  D    [m 0x0000000100-0x000000ffff]    0000] DM32  [mm 0x000000100000x00000ffeff]
[  0.0000  Norm  empt
[   0000]  eve   pt
[   .0000]ovble nesta f eacno
[  00000 Ely mornoderangs
[   000000  ode 0:[memx00000000100x00000009ef]
[  00000  ode 0:mem 000000010000x00000ffffff
[  .0000]nimem sep de 0me 0x0000000100-0x000003efff]    0000] PIPM-TerIO Pt:0x408[   .00000IOPIC[: pic_ 2 vsi 32, ares 0xc0000,SI0-23[   .00000ACI: IT_C_OV(b 0 b_i 0 gbairq df dfl
[   00000 AI:INT_C_VR (s  busrq9 glalirq lo level
   00000] in ACP(MDT) r MP cfiuratioinormaon
[  0.0000 spboo Alowi 2PUs, htplugCP
[   .00000PM Regteedose memoy:mem 000000x000fff]
[    00000]M:egisre nose emor [emx09f000x09ff]
[  0000] : Rested navmemo: em 0000000x000ff][   .000] : Rested navmemo: em 00000000x0ffff][   .0000]82 [mem 4000000xebfff]vailleor P dvice
[  0.000] Boongaravtuizederel oKV
[  00000] ocksrc: rene-jifes mas 0fffff x_cyes0xffff, maid_ns:64519621568 
   0.000] sep_ercp N_CPU51 nr_umsk_bs:2 nrpuds:2r_de_i:1
[    00000]ERPUEmedde34agespu@ff803fc00s995 r92 d52u10476
[    00000]V pinlk ash bl entes 256 (de: 0,09byte
    00000]uit 1 nests  Nde oer mobit groinon. otl pas:5791
[   000000] Poly one:MA2
[  .0000]Kern cmandin: BO_IGE=/oovmliz-4.0-0-neriro=LAB=coudi-rotfsroonole=y1conse=tyS0[   0.0000 PIDas tab eries40 (orr:3, 327 btes)[   0000] mo: 1061K/1012K avlale (46 kerl ode,31K da, 40K data15K in, 316K b, 508Kesved,K a-rervd)
  0.0000 SBB: aln=64Orer=0, inObct=0, Us2, Nes
[  00000] erneUsr pa tblessotionenbled[    0000] HrahicaRC impmeatio
   0000] 	il-timadustmt f le fout  6
[  00000 	CU rtrctinCPs fr N_CUS12 to r_cpu_s=2.[   0.000] R: djusnggeomryor r_fnoutea64, _cu_id2[  00000 NIRQS30 nr_qs40 1
[  0.00] Conse:colo VA+ 80x25
[   .0000]onole tt] enle
[  00000] onso [tyS0enbl
    0.000000] tsc: Detected 2591.998 MHz processor
[   38.172746] Calibrating delay loop (skipped) preset value.. 5183.99 BogoMIPS (lpj=10367992)
[   38.486015] pid_max: default: 32768 minimum: 301
[   38.643456] ACPI: Core revision 20150930
[   38.794662] ACPI: 2 ACPI AML tables successfully acquired and loaded
[   39.030406] Security Framework initialized
[   39.183165] Yama: becoming mindful.
[   39.312072] AppArmor: AppArmor initialized
[   39.464736] Dentry cache hash table entries: 131072 (order: 8, 1048576 bytes)
[   39.677682] Inode-cache hash table entries: 65536 (order: 7, 524288 bytes)
[   39.922491] Mount-cache hash table entries: 2048 (order: 2, 16384 bytes)
[   40.171469] Mountpoint-cache hash table entries: 2048 (order: 2, 16384 bytes)
[   40.440265] Initializing cgroup subsys io
[   40.591460] Initializing cgroup subsys memory
[   40.744949] Initializing cgroup subsys devices
[   40.911556] Initializing cgroup subsys freezer
[   41.074160] Initializing cgroup subsys net_cls
[   41.233521] Initializing cgroup subsys perf_event
[   41.410444] Initializing cgroup subsys net_prio
[   41.551328] Initializing cgroup subsys hugetlb
[   41.718649] Initializing cgroup subsys pids
[   41.870946] CPU: Physical Processor ID: 0
[   42.020459] CPU: Processor Core ID: 0
[   42.158737] mce: CPU supports 0 MCE banks
[   42.301949] Last level iTLB entries: 4KB 64, 2MB 8, 4MB 8
[   42.489386] Last level dTLB entries: 4KB 64, 2MB 0, 4MB 0, 1GB 4
[   42.721602] Spectre V2 : Mitigation: Full generic retpoline
[   42.928122] Spectre V2 : Speculation control IBPB not-supported IBRS not-supported
[   43.212974] Spectre V2 : Filling RSB on context switch
[   43.412188] Speculative Store Bypass: Vulnerable
[   43.578249] Freeing SMP alternatives memory: 32K
[   43.764158] ftrace: allocating 32245 entries in 126 pages
[   44.023418] smpboot: APIC(0) Converting physical 0 to logical package 0
[   44.276140] smpboot: Max logical packages: 1
[   44.429610] x2apic enabled
[   44.529557] Switched APIC routing to physical x2apic.
[   44.732996] ..TIMER: vector=0x30 apic1=0 pin1=2 apic2=-1 pin2=-1
[   45.065537] smpboot: CPU0: Intel(R) Core(TM) i7-6700HQ CPU @ 2.60GHz (family: 0x6, model: 0x5e, stepping: 0x3)
[   45.414315] Performance Events: unsupported p6 CPU model 94 no PMU driver, software events only.
[   45.741706] KVM setup paravirtual spinlock
[   45.899314] x86: Booting SMP configuration:
[   46.054334] .... node  #0, CPUs:      #1
[   46.187821] kvm-clock: cpu 1, msr 0:3ffe3041, secondary cpu clock
[   46.363084] mce: CPU supports 0 MCE banks
[   46.367636] x86: Booted up 1 node, 2 CPUs
[   46.479829] smpboot: Total of 2 processors activated (10367.99 BogoMIPS)
[   46.726523] devtmpfs: initialized
[   46.831217] evm: security.selinux
[   46.947417] evm: security.SMACK64
[   47.065560] evm: security.SMACK64EXEC
[   47.190497] evm: security.SMACK64TRANSMUTE
[   47.321153] evm: security.SMACK64MMAP
[   47.450157] evm: security.ima
[   47.559177] evm: security.capability
[   47.689558] clocksource: jiffies: mask: 0xffffffff max_cycles: 0xffffffff, max_idle_ns: 7645041785100000 ns
[   48.038079] futex hash table entries: 512 (order: 3, 32768 bytes)
[   48.230422] pinctrl core: initialized pinctrl subsystem
[   48.401879] RTC time: 19:06:57, date: 07/12/18
[   48.564878] NET: Registered protocol family 16
[   48.728598] cpuidle: using governor ladder
[   48.889011] cpuidle: using governor menu
[   49.032743] PCCT header not found.
[   49.145005] ACPI: bus type PCI registered
[   49.288568] acpiphp: ACPI Hot Plug PCI Controller Driver version: 0.5
[   49.525838] PCI: Using configuration type 1 for base access
[   49.733857] ACPI: Added _OSI(Module Device)
[   49.867340] ACPI: Added _OSI(Processor Device)
[   50.021875] ACPI: Added _OSI(3.0 _SCP Extensions)
[   50.198225] ACPI: Added _OSI(Processor Aggregator Device)
[   50.368889] ACPI: Executed 1 blocks of module-level executable AML code
[   50.612902] ACPI: Interpreter enabled
[   50.746675] ACPI: (supports S0 S5)
[   50.868665] ACPI: Using IOAPIC for interrupt routing
[   51.056681] PCI: Using host bridge windows from ACPI; if necessary, use "pci=nocrs" and report a bug
[   51.391972] ACPI: PCI Root Bridge [PCI0] (domain 0000 [bus 00-ff])
[   51.608141] acpi PNP0A03:00: _OSC: OS supports [ASPM ClockPM Segments MSI]
[   51.859056] acpi PNP0A03:00: _OSC: not requesting OS control; OS requires [ExtendedConfig ASPM ClockPM MSI]
[   52.216661] acpi PNP0A03:00: fail to add MMCONFIG information, can't access extended PCI configuration space under this bridge.
[   52.634399] PCI host bridge to bus 0000:00
[   52.784699] pci_bus 0000:00: root bus resource [io  0x0000-0x0cf7 window]
[   53.021461] pci_bus 0000:00: root bus resource [io  0x0d00-0xffff window]
[   53.271787] pci_bus 0000:00: root bus resource [mem 0x000a0000-0x000bffff window]
[   53.551523] pci_bus 0000:00: root bus resource [mem 0x40000000-0xfdffffff window]
[   53.809092] pci_bus 0000:00: root bus resource [bus 00-ff]
[   54.011504] pci 0000:00:01.1: legacy IDE quirk: reg 0x10: [io  0x01f0-0x01f7]
[   54.253116] pci 0000:00:01.1: legacy IDE quirk: reg 0x14: [io  0x03f6]
[   54.497743] pci 0000:00:01.1: legacy IDE quirk: reg 0x18: [io  0x0170-0x0177]
[   54.733368] pci 0000:00:01.1: legacy IDE quirk: reg 0x1c: [io  0x0376]
[   54.929982] pci 0000:00:07.0: quirk: [io  0x4000-0x403f] claimed by PIIX4 ACPI
[   55.181622] pci 0000:00:07.0: quirk: [io  0x4100-0x410f] claimed by PIIX4 SMB
[   55.449233] ACPI: PCI Interrupt Link [LNKA] (IRQs 5 9 10 *11)
[   55.612383] ACPI: PCI Interrupt Link [LNKB] (IRQs 5 9 *10 11)
[   55.789448] ACPI: PCI Interrupt Link [LNKC] (IRQs 5 *9 10 11)
[   55.948086] ACPI: PCI Interrupt Link [LNKD] (IRQs 5 9 10 *11)
[   56.138848] ACPI: Enabled 2 GPEs in block 00 to 07
[   56.306689] vgaarb: setting as boot device: PCI:0000:00:02.0
[   56.490911] vgaarb: device added: PCI:0000:00:02.0,decodes=io+mem,owns=io+mem,locks=none
[   56.768795] vgaarb: loaded
[   56.835780] vgaarb: bridge control possible 0000:00:02.0
[   57.025410] SCSI subsystem initialized
[   57.161512] ACPI: bus type USB registered
[   57.304410] usbcore: registered new interface driver usbfs
[   57.466258] usbcore: registered new interface driver hub
[   57.615137] usbcore: registered new device driver usb
[   57.781264] PCI: Using ACPI for IRQ routing
[   57.908534] NetLabel: Initializing
[   58.028035] NetLabel:  domain hash size = 128
[   58.187307] NetLabel:  protocols = UNLABELED CIPSOv4
[   58.362855] NetLabel:  unlabeled traffic allowed by default
[   58.561581] amd_nb: Cannot enumerate AMD northbridges
[   58.745608] clocksource: Switched to clocksource kvm-clock
[   .938 AArr:ppmoFisytem nabl
  9.57] p:nPCPin
  9.64] p:nPCP fnd dices
[   60.546977] clocksource: acpi_pm: mask: 0xffffff max_cycles: 0xffffff, max_idle_ns: 2085701024 ns
[   60.906831] NET: Registered protocol family 2
[   61.075065] TCP established hash table entries: 8192 (order: 4, 65536 bytes)
[   61.348289] TCP bind hash table entries: 8192 (order: 5, 131072 bytes)
[   61.618925] TCP: Hash tables configured (established 8192 bind 8192)
[   61.863780] UDP hash table entries: 512 (order: 2, 16384 bytes)
[   62.103870] UDP-Lite hash table entries: 512 (order: 2, 16384 bytes)
[   62.324823] NET: Registered protocol family 1
[   62.494837] pci 0000:00:00.0: Limiting direct PCI/PCI transfers
[   62.727479] pci 0000:00:01.0: Activating ISA DMA hang workarounds
[   62.963443] Unpacking initramfs...
[   64.878369] Freeing initrd memory: 10904K
[   65.025996] platform rtc_cmos: registered platform RTC device (no PNP device found)
[   65.334575] Scanning for low memory corruption every 60 seconds
[   65.541337] audit: initializing netlink subsys (disabled)
[   65.743182] audit: type=2000 audit(1531422382.768:1): initialized
[   65.994911] Initialise system trusted keyring
[   66.173460] tsc: Refined TSC clocksource calibration: 2591.994 MHz
[   66.403690] clocksource: tsc: mask: 0xffffffffffffffff max_cycles: 0x255cb158701, max_idle_ns: 440795293120 ns
[   66.403925] HugeTLB registered 2 MB page size, pre-allocated 0 pages
[   66.405126] zbud: loaded
[   66.405411] VFS: Disk quotas dquot_6.6.0
[   66.405435] VFS: Dquot-cache hash table entries: 512 (order 0, 4096 bytes)
[   66.405627] squashfs: version 4.0 (2009/01/31) Phillip Lougher
[   66.780242] fuse init (API version 7.23)
[   66.780499] Key type big_key registered
[   66.780521] Allocating IMA MOK and blacklist keyrings.
[   66.780750] Key type asymmetric registered
[   66.780753] Asymmetric key parser 'x509' registered
[   66.780781] Block layer SCSI generic (bsg) driver version 0.4 loaded (major 249)
[   66.780796] io scheduler noop registered
[   66.780798] io scheduler deadline registered (default)
[   66.780824] io scheduler cfq registered
[   66.780899] pci_hotplug: PCI Hot Plug PCI Core version: 0.5
[   66.780903] pciehp: PCI Express Hot Plug Controller Driver version: 0.4
[   66.781022] ACPI: AC Adapter [AC] (on-line)
[   66.781066] input: Power Button as /devices/LNXSYSTM:00/LNXPWRBN:00/input/input0
[   66.781068] ACPI: Power Button [PWRF]
[   66.781125] input: Sleep Button as /devices/LNXSYSTM:00/LNXSLPBN:00/input/input1
[   66.781126] ACPI: Sleep Button [SLPF]
[   66.781237] GHES: HEST is not enabled!
[   66.782556] ACPI: Battery Slot [BAT0] (battery present)
[   66.782612] Serial: 8250/16550 driver, 32 ports, IRQ sharing enabled
[   67.051139] 00:02: ttyS0 at I/O 0x3f8 (irq = 4, base_baud = 115200) is a 16550A
[   67.146900] Linux agpgart interface v0.103
[   67.251117] loop: module loaded
[   67.251616] scsi host0: ata_piix
[   67.251667] scsi host1: ata_piix
[   67.251692] ata1: PATA max UDMA/33 cmd 0x1f0 ctl 0x3f6 bmdma 0xd000 irq 14
[   67.251693] ata2: PATA max UDMA/33 cmd 0x170 ctl 0x376 bmdma 0xd008 irq 15
[   67.251757] libphy: Fixed MDIO Bus: probed
[   67.251758] tun: Universal TUN/TAP device driver, 1.6
[   67.251759] tun: (C) 1999-2004 Max Krasnyansky <maxk@qualcomm.com>
[   67.252069] PPP generic driver version 2.4.2
[   67.252112] ehci_hcd: USB 2.0 'Enhanced' Host Controller (EHCI) Driver
[   67.252114] ehci-pci: EHCI PCI platform driver
[   67.252126] ehci-platform: EHCI generic platform driver
[   67.252133] ohci_hcd: USB 1.1 'Open' Host Controller (OHCI) Driver
[   67.252135] ohci-pci: OHCI PCI platform driver
[   67.252141] ohci-platform: OHCI generic platform driver
[   67.252147] uhci_hcd: USB Universal Host Controller Interface driver
[   67.252189] i8042: PNP: PS/2 Controller [PNP0303:PS2K,PNP0f03:PS2M] at 0x60,0x64 irq 1,12
[   67.252611] serio: i8042 KBD port at 0x60,0x64 irq 1
[   67.252614] serio: i8042 AUX port at 0x60,0x64 irq 12
[   67.252694] mousedev: PS/2 mouse device common for all mice
[   67.253009] input: AT Translated Set 2 keyboard as /devices/platform/i8042/serio0/input/input2
[   67.253295] rtc_cmos rtc_cmos: rtc core: registered rtc_cmos as rtc0
[   67.253345] rtc_cmos rtc_cmos: alarms up to one day, 114 bytes nvram
[   67.253350] i2c /dev entries driver
[   67.253393] device-mapper: uevent: version 1.0.3
[   67.253436] device-mapper: ioctl: 4.34.0-ioctl (2015-10-28) initialised: dm-devel@redhat.com
[   67.253450] ledtrig-cpu: registered to indicate activity on CPUs
[   67.253942] NET: Registered protocol family 10
[   67.254066] NET: Registered protocol family 17
[   67.254074] Key type dns_resolver registered
[   67.254259] registered taskstats version 1
[   67.254276] Loading compiled-in X.509 certificates
[   67.254881] Loaded X.509 cert 'Build time autogenerated kernel key: b3e0fe4bcd6378c38a2c0a4648abbc1fa5043a22'
[   67.254896] zswap: loaded using pool lzo/zbud
[   67.256128] Key type trusted registered
[   67.258286] Key type encrypted registered
[   67.258291] AppArmor: AppArmor sha1 policy hashing enabled
[   67.258294] ima: No TPM chip found, activating TPM-bypass!
[   67.258297] ima: Allocated hash algorithm: sha1
[   67.258307] evm: HMAC attrs: 0x1
[   67.258542]   Magic number: 10:986:141
[   67.414503] rtc_cmos rtc_cmos: setting system clock to 2018-07-12 19:07:16 UTC (1531422436)
[   67.414675] BIOS EDD facility v0.16 2004-Jun-25, 0 devices found
[   67.414676] EDD information not available.
[   80.082834] Freeing unused kernel memory: 1516K
[   81.194641] Write protecting the kernel read-only data: 14336k
[   81.415041] Freeing unused kernel memory: 1680K
[   81.555894] Freeing unused kernel memory: 96K
Loading, please [   81.731275] random: systemd-udevd: uninitialized urandom read (16 bytes read, 9 bits of entropy available)
wait...
startin[   81.731828] random: udevadm: uninitialized urandom read (16 bytes read, 9 bits of entropy available)
g version 229
[   81.731843] random: udevadm: uninitialized urandom read (16 bytes read, 9 bits of entropy available)
[   81.739430] random: udevadm: uninitialized urandom read (16 bytes read, 9 bits of entropy available)
[   81.739466] random: udevadm: uninitialized urandom read (16 bytes read, 9 bits of entropy available)
[   81.739576] random: udevadm: uninitialized urandom read (16 bytes read, 9 bits of entropy available)
[   81.739637] random: udevadm: uninitialized urandom read (16 bytes read, 9 bits of entropy available)
[   81.739719] random: udevadm: uninitialized urandom read (16 bytes read, 9 bits of entropy available)
[   81.739833] random: udevadm: uninitialized urandom read (16 bytes read, 9 bits of entropy available)
[   81.739910] random: udevadm: uninitialized urandom read (16 bytes read, 9 bits of entropy available)
[   85.138627] Fusion MPT base driver 3.04.20
[   85.270911] Copyright (c) 1999-2008 LSI Corporation
[   85.449613] e1000: Intel(R) PRO/1000 Network Driver - version 7.3.21-k8-NAPI
[   85.675047] e1000: Copyright (c) 1999-2006 Intel Corporation.
[   85.875573] AVX2 version of gcm_enc/dec engaged.
[   86.008451] AES CTR mode by8 optimization enabled
[   86.088634] input: ImExPS/2 Generic Explorer Mouse as /devices/platform/i8042/serio1/input/input4
[   86.366654] Fusion MPT SPI Host driver 3.04.20
[   86.862976] e1000 0000:00:03.0 eth0: (PCI:33MHz:32-bit) 02:2e:d6:ba:66:f8
[   87.125039] e1000 0000:00:03.0 eth0: Intel(R) PRO/1000 Network Connection
[   87.383581] e1000 0000:00:03.0 enp0s3: renamed from eth0
[   87.579040] mptbase: ioc0: Initiating bringup
[   87.805806] ioc0: LSI53C1030 A0: Capabilities={Initiator}
[   88.145166] scsi host2: ioc0: LSI53C1030 A0, FwRev=00000000h, Ports=1, MaxQ=256, IRQ=20
[   88.574755] scsi 2:0:0:0: Direct-Access     VBOX     HARDDISK         1.0  PQ: 0 ANSI: 5
[   90.456361] scsi target2:0:0: Beginning Domain Validation
[   91.735599] scsi target2:0:0: Domain Validation skipping write tests
[   91.937415] scsi target2:0:0: Ending Domain Validation
[   93.207966] scsi target2:0:0: asynchronous
[   94.293324] scsi 2:0:1:0: Direct-Access     VBOX     HARDDISK         1.0  PQ: 0 ANSI: 5
[   94.586463] scsi target2:0:1: Beginning Domain Validation
[   94.801890] scsi target2:0:1: Domain Validation skipping write tests
[   95.035355] scsi target2:0:1: Ending Domain Validation
[   95.225569] scsi target2:0:1: asynchronous
[   95.378781] sd 2:0:0:0: [sda] 20971520 512-byte logical blocks: (10.7 GB/10.0 GiB)
[   95.646222] sd 2:0:0:0: Attached scsi generic sg0 type 0
[   95.840699] sd 2:0:0:0: [sda] Write Protect is off
[   95.841137] sd 2:0:1:0: [sdb] 20480 512-byte logical blocks: (10.5 MB/10.0 MiB)
[   95.841388] sd 2:0:1:0: Attached scsi generic sg1 type 0
[   95.841472] sd 2:0:1:0: [sdb] Write Protect is off
[   95.841613] sd 2:0:1:0: [sdb] Incomplete mode parameter data
[   95.841614] sd 2:0:1:0: [sdb] Assuming drive cache: write through
[   95.845454] sd 2:0:1:0: [sdb] Attached SCSI disk
[   97.276837] sd 2:0:0:0: [sda] Incomplete mode parameter data
[   97.489432] sd 2:0:0:0: [sda] Assuming drive cache: write through
[   97.684163]  sda: sda1
[   97.765778] sd 2:0:0:0: [sda] Attached SCSI disk
Begin: Loading e[   99.259516] md: linear personality registered for level -1
ssential drivers[   99.470359] md: multipath personality registered for level -4
 ... [   99.682258] md: raid0 personality registered for level 0
[   99.885330] md: raid1 personality registered for level 1
[  100.165671] raid6: sse2x1   gen()  9154 MB/s
[  100.389732] raid6: sse2x1   xor()  7104 MB/s
[  100.618385] raid6: sse2x2   gen() 12283 MB/s
[  100.833681] raid6: sse2x2   xor()  8704 MB/s
[  101.025849] raid6: sse2x4   gen() 14073 MB/s
[  101.253853] raid6: sse2x4   xor() 10030 MB/s
[  101.462162] raid6: avx2x1   gen() 19806 MB/s
[  101.689667] raid6: avx2x2   gen() 21940 MB/s
[  101.918040] raid6: avx2x4   gen() 24245 MB/s
[  102.062866] raid6: using algorithm avx2x4 gen() 24245 MB/s
[  102.268296] raid6: using avx2x2 recovery algorithm
[  102.446336] xor: automatically using best checksumming function:
[  102.713741]    avx       : 24332.000 MB/sec
[  102.875474] async_tx: api initialized (async)
[  103.022605] md: raid6 personality registered for level 6
[  103.211002] md: raid5 personality registered for level 5
[  103.412444] md: raid4 personality registered for level 4
[  103.595027] md: raid10 personality registered for level 10
done.
Begin: Running /scripts/i[  103.835790] Btrfs loaded
nit-premount ... done.
Begin: M[  103.975441] EXT4-fs (sda1): INFO: recovery required on readonly filesystem
ounting root fil[  104.226437] EXT4-fs (sda1): write access will be enabled during recovery
e system ... Begin: Running /scripts/local-top .[  104.544958] EXT4-fs (sda1): recovery complete
[  105.566530] EXT4-fs (sda1): mounted filesystem with ordered data mode. Opts: (null)
.. done.
Begin: Running /scripts/local-premount[  107.548546] random: nonblocking pool is initialized
 ... Scanning for Btrfs filesystems
done.
Warning: fsck not present, so skipping root file system
done.
Begin: Running /scripts/local-bottom ... done.
Begin: Running /scripts/init-bottom ... done.
[  108.111246] systemd[1]: systemd 229 running in system mode. (+PAM +AUDIT +SELINUX +IMA +APPARMOR +SMACK +SYSVINIT +UTMP +LIBCRYPTSETUP +GCRYPT +GNUTLS +ACL +XZ -LZ4 +SECCOMP +BLKID +ELFUTILS +KMOD -IDN)
[  108.792599] systemd[1]: Detected virtualization oracle.
[  108.984457] systemd[1]: Detected architecture x86-64.

Welcome to [1mUbuntu 16.04.4 LTS[0m!

[ 09474]ysemd[1]Sehona t <ubuntu-xenial>.
[  109.886795] systemd[1]: Listening on /dev/initctl Compatibility Named Pipe.
[[0;32m  OK  [0m] Listening on /dev/initctl Compatibility Named Pipe.
[ 102548] stmd[1 Ltengn M2oldaonoct.
[[0;32m  OK  [0m] Listening on LVM2 poll daemon socket.
[ 11410]ysmd]:Listeng  L2 tataaen ck.
[[0;32m  OK  [0m] Listening on LVM2 metadata daemon socket.
[  1.078 ste[1 Lteing  uv rn Soct.
[[0;32m  OK  [0m] Listening on udev Kernel Socket.
[ 121936] syem1]Lieng  Jrnl Soet/d/l).
[[0;32m  OK  [0m] Listening on Journal Socket (/dev/log).
[ 13704]yste[1 Cat sce SteSlce.
[[0;32m  OK  [0m] Created slice System Slice.
[ 14100]ysmd]: Cat sce sysm-ri\xgey.ic
[[0;32m  OK  [0m] Created slice system-serial\x2dgetty.slice.
[  1.44896syem1]Rehetaetwa
[[0;32m  OK  [0m] Reached target Swap.
[ 170023] std[: ard rwrd Pswd qutso llirto Wch

[[0;32m  OK  [0m] Started Forward Password Requests to Wall Directory Watch.
[ 18901] sysmd]:Reachetaetncpt Vum.
[[0;32m  OK  [0m] Reached target Encrypted Volumes.
[ 189941] std[: stinonDeceapr endaonIF.
[[0;32m  OK  [0m] Listening on Device-mapper event daemon FIFOs.
[ 20.096 ste[1 Rch tget st Te nconed

[[0;32m  OK  [0m] Reached target System Time Synchronized.
[ 2063760]ysmd]:isni oSyog Ske
[[0;32m  OK  [0m] Listening on Syslog Socket.
[ 122.73] std[: Lieng n JonaSoet

[[0;32m  OK  [0m] Listening on Journal Socket.
[  122.790395] systemd[1]: Starting Set console keymap...
         Starting Set console keymap...
[  123.070287] systemd[1]: Starting Remount Root and Kernel File Systems...
         [  123.293138] EXT4-fs (sda1): re-mounted. Opts: (null)
Starting Remount Root and Kernel File Systems...
[  1.91629syem1]Stti Catlistf quedtac vi nesorheurnterl.
         Starting Create list of required st... nodes for the current kernel...
[  125.374400] systemd[1]: Starting Nameserver information manager...
         Starting Nameserver information manager...
[  125.701941] systemd[1]: Starting Uncomplicated firewall...
         Starting Uncomplicated firewall...
[  126.006625] systemd[1]: Mounting Debug File System...
         Mounting Debug File System...
[  126.354346] systemd[1]: Mounting POSIX Message Queue File System...
         Mounting POSIX Message Queue File System...
[  126.686855] systemd[1]: Mounting Huge Pages File System...
         Mounting Huge Pages File System...
[  126.962467] systemd[1]: Starting Load Kernel Modules...
         [  127.166930] Loading iSCSI transport class v2.0-870.
Starting Load Ke[  127.368436] iscsi: registered transport (tcp)
rnel Modules...
[  127.576796] systemd[1]: Started Trigger resolvconf update for networkd DNS.
[[0;32m  OK  [0[  127.814168] iscsi: registered transport (iser)
m] Started Trigger resolvconf update for networkd DNS.
[ 28944]ysmd1]: ead liceseanSeio Slice

[[0;32m  OK  [0m] Created slice User and Session Slice.
[ 289832 syste[1 Rch tge Slis.
[[0;32m  OK  [0m] Reached target Slices.
[ 296682] syem1]Litengn url diSoet

[[0;32m  OK  [0m] Listening on Journal Audit Socket.
[  130.406131] systemd[1]: Starting Journal Service...
         Starting Journal Service...
[ 30.6503]ysmd1]: Reached target User and Group Name Lookups.
[[0;32m  OK  [0m] Reached target User and Group Name Lookups.
[  131.185944] systemd[1]: Starting Monitoring of LVM2 mirrors, snapshots etc. using dmeventd or progress polling...
         Starting Monitoring of LVM2 mirrors... dmeventd or progress polling...
[  1.636 stemd]:etp aumot biarExutleile rmts Fe stm Aumot in
[[0;32m  OK  [0m] Set up automount Arbitrary Executab...ats File System Automount Point.
[ 33915]ysmd]: Listeng oudv CoroSoet

[[0;32m  OK  [0m] Listening on udev Control Socket.
[  1.03214 ste[1: MotePOIX Msage Queil System.
[[0;32m  OK  [0m] Mounted POSIX Message Queue File System.
[ 34.8543]ysmd[1 MunteHu PesilSyem. [[0;32m  OK  [0m] Mounted Huge Pages File System.
[ 35634001syem1] Mouedeb File st.
[[0;32m  OK  [0m] Mounted Debug File System.
[ 36743]yste[1: StteJoural Svi.
[[0;32m  OK  [0m] Started Journal Service.
[[0;32m  OK  [0m] Started Set console keymap.
[[0;32m  OK  [0m] Started Remount Root and Kernel File Systems.
[[0;32m  OK  [0m] Started Create list of required sta...ce nodes for the current kernel.
[[0;32m  OK  [0m] Started Uncomplicated firewall.
[[0;32m  OK  [0m] Started Load Kernel Modules.
[[0;32m  OK  [0m] Started Nameserver information manager.
[[0;32m  OK  [0m] Started LVM2 metadata daemon.
         Starting Apply Kernel Variables...
         Mounting FUSE Control File System...
         Starting Create Static Device Nodes in /dev...
         Starting udev Coldplug all Devices...
         Starting Load/Save Random Seed...
         Starting Flush Journal to Persistent Storage...
[[0;32m  OK  [0m] Mounted FUSE Control File System.
[[0;32m  OK  [0m] Started Monitoring of LVM2 mirrors,...ng dmeventd or progress polling.
[[0;32m  OK  [0m] Started Apply Kernel Variables.
[[0;32m  OK  [0m] Started Create Static Device Nodes in /dev.
[[0;32m  OK  [0m] Started Load/Save Random Seed.
[[0;32m  OK  [0m] Started udev Coldplug all Devices.
         Starting udev Kernel Device Manager...
[[0;32m  OK  [0m] Started udev Kernel Device Manager.
[[0;32m  OK  [0m] Started Flush Journal to Persistent Storage.
[[0;32m  OK  [0m] Found device /dev/ttyS0.
[[0;32m  OK  [0m] Listening on Load/Save RF Kill Switch Status /dev/rfkill Watch.
[[0;32m  OK  [0m] Started Dispatch Password Requests to Console Directory Watch.
[[0;32m  OK  [0m] Reached target Local File Systems (Pre).
[[0;32m  OK  [0m] Reached target Local File Systems.
         Starting Set console font and keymap...
         Starting Tell Plymouth To Write Out Runtime Data...
         Starting Create Volatile Files and Directories...
         Starting Initial cloud-init job (pre-networking)...
         Starting LSB: AppArmor initialization...
[[0;32m  OK  [0m] Started Set console font and keymap.
[[0;32m  OK  [0m] Started Tell Plymouth To Write Out Runtime Data.
[[0;32m  OK  [0m] Started Create Volatile Files and Directories.
[   83.552106] cloud-init[676]: Cloud-init v. 18.2 running 'init-local' at Thu, 12 Jul 2018 19:08:30 +0000. Up 83.35 seconds.
[[0;32m  OK  [0m] Found device 82540EM Gigabit Ethern...r (PRO/1000 MT Desktop Adapter).
[[0;32m  OK  [0m] Started Initial cloud-init job (pre-networking).
[[0;32m  OK  [0m] Reached target Network (Pre).
         Starting Update UTMP about System Boot/Shutdown...
[[0;32m  OK  [0m] Created slice system-getty.slice.
[[0;32m  OK  [0m] Started LSB: AppArmor initialization.
[[0;32m  OK  [0m] Started ifup for enp0s3.
         Starting Raise network interfaces...
[[0;32m  OK  [0m] Started Update UTMP about System Boot/Shutdown.
[[0;32m  OK  [0m] Started Raise network interfaces.
         Starting Initial cloud-init job (metadata service crawler)...
[[0;32m  OK  [0m] Reached target Network.
[   85.376024] cloud-init[976]: Cloud-init v. 18.2 running 'init' at Thu, 12 Jul 2018 19:08:32 +0000. Up 85.12 seconds.
[   85.556862] cloud-init[976]: ci-info: +++++++++++++++++++++++++++++++++++++Net device info++++++++++++++++++++++++++++++++++++++
[   85.557207] cloud-init[976]: ci-info: +--------+------+----------------------------+---------------+-------+-------------------+
[[0;32m  OK  [0m] Started Initial cloud-init job (metadata service crawler).
[   85.557339] cloud-init[976]: ci-info: | Device |  Up  |          Address           |      Mask     | Scope |     Hw-Address    |
[   86.328965] cloud-init[976]: ci-info: +--------+------+----------------------------+---------------+-------+-------------------+
[   86.329550] cloud-init[976]: ci-info: | enp0s3 | True |         10.0.2.15          | 255.255.255.0 |   .   | 02:2e:d6:ba:66:f8 |
[[0;32m  OK  [0m] Reached target System Initialization.
[   86.329721] cloud-init[976]: ci-info: | enp0s3 | True | fe80::2e:d6ff:feba:66f8/64 |       .       |  link | 02:2e:d6:ba:66:f8 |
[   87.125253] cloud-init[976]: ci-info: |   lo   | True |         127.0.0.1          |   255.0.0.0   |   .   |         .         |
[   87.125609] cloud-init[976]: ci-info: |   lo   | True |          ::1/128           |       .       |  host |         .         |
[[0;32m  OK  [0m] Started Daily apt download activities.
[   87.125784] cloud-init[976]: ci-info: +--------+------+----------------------------+---------------+-------+-------------------+
[   87.865017] cloud-init[976]: ci-info: +++++++++++++++++++++++++++Route IPv4 info++++++++++++++++++++++++++++
[   87.865377] cloud-init[976]: ci-info: +-------+-------------+----------+---------------+-----------+-------+
         Starting Socket activation for snappy daemon.
[[   87.865505] cloud-init[976]: ci-info: | Route | Destination | Gateway  |    Genmask    | Interface | Flags |
[   88.481767] cloud-init[976]: ci-info: +-------+-------------+----------+---------------+-----------+-------+
[0;32m  OK  [0m] Started Daily Cleanup of Temporary Directories.
[   88.481869] cloud-init[976]: ci-info: |   0   |   0.0.0.0   | 10.0.2.2 |    0.0.0.0    |   enp0s3  |   UG  |
[   89.117630] cloud-init[976]: ci-info: |   1   |   10.0.2.0  | 0.0.0.0  | 255.255.255.0 |   enp0s3  |   U   |
[   89.117950] cloud-init[976]: ci-info: +-------+-------------+----------+---------------+-----------+-------+
[[0;32m  OK  [0m] Started ACPI Events Check.
[[0;32m  OK  [0m] Reached target Paths.
[[0;32m  OK  [0m] Listening on ACPID Listen Socket.
[[0;32m  OK  [0m] Listening on D-Bus System Message Bus Socket.
[[0;32m  OK  [0m] Started Daily apt upgrade and clean activities.
[[0;32m  OK  [0m] Reached target Timers.
[[0;32m  OK  [0m] Listening on UUID daemon activation socket.
         Starting LXD - unix socket.
[[0;32m  OK  [0m] Reached target Cloud-config availability.
[[0;32m  OK  [0m] Reached target Network is Online.
         Starting iSCSI initiator daemon (iscsid)...
[[0;32m  OK  [0m] Listening on Socket activation for snappy daemon.
[[0;32m  OK  [0m] Listening on LXD - unix socket.
[[0;32m  OK  [0m] Started iSCSI initiator daemon (iscsid).
         Starting Login to default iSCSI targets...
[[0;32m  OK  [0m] Reached target Sockets.
[[0;32m  OK  [0m] Reached target Basic System.
[[0;32m  OK  [0m] Started D-Bus System Message Bus.
[[0;32m  OK  [0m] Started Deferred execution scheduler.
         Starting OpenBSD Secure Shell server...
[[0;32m  OK  [0m] Started Unattended Upgrades Shutdown.
         Starting Login Service...
[[0;32m  OK  [0m] Started ACPI event daemon.
         Starting Apply the settings specified in cloud-config...
[[0;32m  OK  [0m] Started Regular background program processing daemon.
         Starting /etc/rc.local Compatibility...
         Starting System Logging Service...
[   91.989654] cloud-init[1050]: Cloud-init v. 18.2 running 'modules:config' at Thu, 12 Jul 2018 19:08:39 +0000. Up 91.85 seconds.
         Starting LSB: MD monitoring daemon...
         Starting LXD - container startup/shutdown...
         Starting Virtualbox guest utils...
         Starting Accounts Service...
[[0;32m  OK  [0m] Started FUSE filesystem for LXC.
         Starting LSB: Record successful boot for GRUB...
         Starting Snappy daemon...
[[0;32m  OK  [0m] Started OpenBSD Secure Shell server.
[[0;32m  OK  [0m] Started System Logging Service.
[[0;32m  OK  [0m] Started Snappy daemon.
[[0;32m  OK  [0m] Started Apply the settings specified in cloud-config.
[[0;32m  OK  [0m] Started /etc/rc.local Compatibility.
[[0;32m  OK  [0m] Started LXD - container startup/shutdown.
[[0;32m  OK  [0m] Started Login to default iSCSI targets.
[[0;32m  OK  [0m] Started LSB: MD monitoring daemon.
[[0;32m  OK  [0m] Started Virtualbox guest utils.
[[0;32m  OK  [0m] Started LSB: Record successful boot for GRUB.
[[0;32m  OK  [0m] Started Login Service.
         Starting Authenticate and Authorize Users to Run Privileged Tasks...
[[0;32m  OK  [0m] Reached target Remote File Systems (Pre).
[[0;32m  OK  [0m] Reached target Remote File Systems.
         Starting Permit User Sessions...
         Starting LSB: Set the CPU Frequency Scaling governor to "ondemand"...
         Starting LSB: automatic crash report generation...
         Starting LSB: daemon to balance interrupts for SMP systems...
         Starting Wait until snapd is fully seeded...
[[0;32m  OK  [0m] Started Permit User Sessions.
[[0;32m  OK  [0m] Started Wait until snapd is fully seeded.
[[0;32m  OK  [0m] Started Authenticate and Authorize Users to Run Privileged Tasks.
[[0;32m  OK  [0m] Started Accounts Service.
[[0;32m  OK  [0m] Started LSB: Set the CPU Frequency Scaling governor to "ondemand".
[[0;32m  OK  [0m] Created slice User Slice of vagrant.
[[0;32m  OK  [0m] Started Session 1 of user vagrant.
         Starting User Manager for UID 1000...
         Starting Hold until boot process finishes up...
         Starting Terminate Plymouth Boot Screen...
[[0;32m  OK  [0m] Started User Manager for UID 1000.
[[0;32m  OK  [0m] Started LSB: automatic crash report generation.
[[0;32m  OK  [0m] Started LSB: daemon to balance interrupts for SMP systems.
[[0;32m  OK  [0m] Started Hold until boot process finishes up.
[[0;32m  OK  [0m] Started Terminate Plymouth Boot Screen.
[[0;32m  OK  [0m] Started Serial Getty on ttyS0.
         Starting Set console scheme...
[[0;32m  OK  [0m] Started Getty on tty1.
[[0;32m  OK  [0m] Reached target Login Prompts.
[[0;32m  OK  [0m] Reached target Multi-User System.
[[0;32m  OK  [0m] Reached target Graphical Interface.
         Starting Update UTMP about System Runlevel Changes...
         Starting Execute cloud user/final scripts...
[[0;32m  OK  [0m] Started Set console scheme.
[[0;32m  OK  [0m] Started Update UTMP about System Runlevel Changes.
[   97.105448] cloud-init[1243]: Cloud-init v. 18.2 running 'modules:final' at Thu, 12 Jul 2018 19:08:44 +0000. Up 96.97 seconds.
[   97.260521] cloud-init[1243]: Cloud-init v. 18.2 finished at Thu, 12 Jul 2018 19:08:44 +0000. Datasource DataSourceNoCloud [seed=/dev/sdb][dsmode=net].  Up 97.09 seconds
[[0;32m  OK  [0m] Started Execute cloud user/final scripts.
         Starting Daily apt download activities...
[[0;32m  OK  [0m] Reached target Cloud-init target.
         Stopping User Manager for UID 1000...
[[0;32m  OK  [0m] Stopped User Manager for UID 1000.
[[0;32m  OK  [0m] Removed slice User Slice of vagrant.

Ubuntu 16.04.4 LTS ubuntu-xenial ttyS0

ubuntu-xenial login: 